TN:
SF:/Users/michael/Workspaces/rangle/the-clusternator/src/config.js
FN:19,validateCreds
FN:35,loadJSON
FN:44,checkCreds
FN:67,checkConfig
FN:91,getConfig
FNF:5
FNH:5
FNDA:1,validateCreds
FNDA:2,loadJSON
FNDA:1,checkCreds
FNDA:1,checkConfig
FNDA:1,getConfig
DA:10,1
DA:13,1
DA:19,1
DA:20,1
DA:21,0
DA:23,1
DA:24,0
DA:26,1
DA:27,0
DA:29,1
DA:30,0
DA:32,1
DA:35,1
DA:36,2
DA:37,2
DA:39,0
DA:40,0
DA:44,1
DA:45,1
DA:47,1
DA:48,1
DA:50,0
DA:52,0
DA:53,0
DA:54,0
DA:55,0
DA:57,0
DA:59,0
DA:60,0
DA:61,0
DA:62,0
DA:64,0
DA:67,1
DA:68,1
DA:70,1
DA:71,1
DA:73,0
DA:75,0
DA:76,0
DA:77,0
DA:78,0
DA:80,0
DA:82,0
DA:83,0
DA:84,0
DA:85,0
DA:87,0
DA:88,0
DA:91,1
DA:92,1
DA:95,1
DA:96,0
DA:99,1
DA:101,1
DA:104,1
LF:55
LH:25
BRDA:20,1,0,0
BRDA:20,1,1,1
BRDA:23,2,0,0
BRDA:23,2,1,1
BRDA:26,3,0,0
BRDA:26,3,1,1
BRDA:29,4,0,0
BRDA:29,4,1,1
BRDA:47,5,0,1
BRDA:47,5,1,0
BRDA:54,6,0,0
BRDA:54,6,1,0
BRDA:61,7,0,0
BRDA:61,7,1,0
BRDA:70,8,0,1
BRDA:70,8,1,0
BRDA:77,9,0,0
BRDA:77,9,1,0
BRDA:84,10,0,0
BRDA:84,10,1,0
BRDA:95,11,0,0
BRDA:95,11,1,1
BRF:22
BRH:7
end_of_record
TN:
SF:/Users/michael/Workspaces/rangle/the-clusternator/src/util.js
FN:5,errLog
FN:10,plog
FN:15,quote
FNF:3
FNH:1
FNDA:0,errLog
FNDA:0,plog
FNDA:1,quote
DA:3,1
DA:5,1
DA:6,0
DA:7,0
DA:10,1
DA:11,0
DA:12,0
DA:15,1
DA:16,1
DA:19,1
LF:10
LH:6
BRF:0
BRH:0
end_of_record
TN:
SF:/Users/michael/Workspaces/rangle/the-clusternator/src/server/pullRequest.js
FN:9,onPrClose
FN:13,writeSuccess
FN:17,writeFailure
FN:21,pullRequestRouteHandler
FNF:4
FNH:3
FNDA:1,onPrClose
FNDA:1,writeSuccess
FNDA:0,writeFailure
FNDA:3,pullRequestRouteHandler
DA:3,1
DA:4,1
DA:6,1
DA:9,1
DA:10,1
DA:13,1
DA:14,1
DA:17,1
DA:18,0
DA:21,1
DA:22,3
DA:24,3
DA:26,3
DA:27,3
DA:29,3
DA:31,3
DA:32,1
DA:33,1
DA:36,2
DA:38,2
DA:39,1
DA:42,1
DA:43,1
DA:48,1
LF:24
LH:23
BRDA:31,1,0,1
BRDA:31,1,1,2
BRDA:38,2,0,1
BRDA:38,2,1,1
BRF:4
BRH:4
end_of_record
TN:
SF:/Users/michael/Workspaces/rangle/the-clusternator/src/server/util.js
FN:3,sendError
FNF:1
FNH:1
FNDA:2,sendError
DA:3,1
DA:4,2
DA:7,1
LF:3
LH:3
BRF:0
BRH:0
end_of_record
TN:
SF:/Users/michael/Workspaces/rangle/the-clusternator/src/resourceIdentifier.js
FN:15,parseRID
FN:35,(anonymous_2)
FN:44,generateRID
FN:45,(anonymous_4)
FN:53,(anonymous_5)
FN:66,generateRIDFromEnv
FNF:6
FNH:5
FNDA:3,parseRID
FNDA:3,(anonymous_2)
FNDA:3,generateRID
FNDA:5,(anonymous_4)
FNDA:4,(anonymous_5)
FNDA:0,generateRIDFromEnv
DA:3,1
DA:7,1
DA:15,1
DA:16,3
DA:17,1
DA:19,2
DA:20,2
DA:22,2
DA:24,2
DA:25,3
DA:26,3
DA:27,3
DA:29,3
DA:35,2
DA:36,3
DA:37,3
DA:40,2
DA:44,1
DA:45,3
DA:46,5
DA:49,3
DA:50,5
DA:53,3
DA:54,4
DA:55,4
DA:58,3
DA:59,0
DA:62,3
DA:66,1
DA:71,1
LF:30
LH:29
BRDA:16,1,0,1
BRDA:16,1,1,2
BRDA:58,2,0,0
BRDA:58,2,1,3
BRF:4
BRH:3
end_of_record
TN:
SF:/Users/michael/Workspaces/rangle/the-clusternator/src/constants.js
FNF:0
FNH:0
DA:1,1
DA:2,1
DA:3,1
DA:4,1
DA:5,1
DA:6,1
DA:7,1
DA:9,1
DA:141,1
LF:9
LH:9
BRF:0
BRH:0
end_of_record
TN:
SF:/Users/michael/Workspaces/rangle/the-clusternator/src/aws/common.js
FN:5,throwInvalidPidPrTag
FN:11,throwInvalidPidTag
FN:20,areTagsPidValid
FN:22,(anonymous_4)
FN:39,areTagsPidPrValid
FN:43,(anonymous_6)
FN:67,makeAWSFilter
FN:81,makeAWSVPCFilter
FN:90,makeAWSTagFilter
FN:99,awsTagEc2
FN:116,makeEc2DescribeFn
FN:122,describe
FN:135,(anonymous_13)
FNF:13
FNH:5
FNDA:0,throwInvalidPidPrTag
FNDA:0,throwInvalidPidTag
FNDA:0,areTagsPidValid
FNDA:0,(anonymous_4)
FNDA:0,areTagsPidPrValid
FNDA:0,(anonymous_6)
FNDA:8,makeAWSFilter
FNDA:6,makeAWSVPCFilter
FNDA:0,makeAWSTagFilter
FNDA:0,awsTagEc2
FNDA:4,makeEc2DescribeFn
FNDA:4,describe
FNDA:2,(anonymous_13)
DA:2,1
DA:5,1
DA:6,0
DA:11,1
DA:12,0
DA:20,1
DA:21,0
DA:22,0
DA:23,0
DA:24,0
DA:26,0
DA:27,0
DA:30,0
DA:39,1
DA:40,0
DA:43,0
DA:44,0
DA:45,0
DA:47,0
DA:48,0
DA:49,0
DA:52,0
DA:53,0
DA:54,0
DA:59,0
DA:67,1
DA:68,8
DA:69,8
DA:71,8
DA:81,1
DA:82,6
DA:90,1
DA:91,0
DA:99,1
DA:100,0
DA:101,0
DA:103,0
DA:116,1
DA:122,1
DA:123,4
DA:124,4
DA:125,0
DA:128,4
DA:129,0
DA:132,4
DA:137,2
DA:138,2
DA:141,0
DA:145,4
DA:148,1
LF:50
LH:23
BRDA:23,1,0,0
BRDA:23,1,1,0
BRDA:26,2,0,0
BRDA:26,2,1,0
BRDA:44,3,0,0
BRDA:44,3,1,0
BRDA:47,4,0,0
BRDA:47,4,1,0
BRDA:48,5,0,0
BRDA:48,5,1,0
BRDA:52,6,0,0
BRDA:52,6,1,0
BRDA:53,7,0,0
BRDA:53,7,1,0
BRDA:59,8,0,0
BRDA:59,8,1,0
BRDA:68,9,0,8
BRDA:68,9,1,0
BRDA:100,10,0,0
BRDA:100,10,1,0
BRDA:124,11,0,0
BRDA:124,11,1,4
BRDA:128,12,0,0
BRDA:128,12,1,4
BRDA:137,13,0,2
BRDA:137,13,1,0
BRF:26
BRH:4
end_of_record
TN:
SF:/Users/michael/Workspaces/rangle/the-clusternator/src/aws/routeTableManager.js
FN:7,getRouteTableManager
FN:13,findDefaultRoute
FN:14,(anonymous_3)
FN:16,(anonymous_4)
FN:17,(anonymous_5)
FNF:5
FNH:1
FNDA:2,getRouteTableManager
FNDA:0,findDefaultRoute
FNDA:0,(anonymous_3)
FNDA:0,(anonymous_4)
FNDA:0,(anonymous_5)
DA:3,1
DA:7,1
DA:8,2
DA:13,1
DA:14,0
DA:15,0
DA:16,0
DA:17,0
DA:18,0
DA:19,0
DA:23,0
DA:24,0
DA:26,0
DA:30,2
DA:36,1
LF:15
LH:6
BRDA:18,1,0,0
BRDA:18,1,1,0
BRDA:23,2,0,0
BRDA:23,2,1,0
BRF:4
BRH:0
end_of_record
TN:
SF:/Users/michael/Workspaces/rangle/the-clusternator/src/aws/securityGroupManager.js
FN:9,getSecurityGroupManager
FN:15,defaultInOutRules
FN:25,(anonymous_3)
FN:27,(anonymous_4)
FN:34,rejectIfExists
FN:35,(anonymous_6)
FN:36,(anonymous_7)
FN:39,(anonymous_8)
FN:55,createSecurityGroup
FN:66,(anonymous_10)
FN:79,(anonymous_11)
FN:85,create
FN:90,(anonymous_13)
FN:95,destroy
FN:101,(anonymous_15)
FNF:15
FNH:1
FNDA:2,getSecurityGroupManager
FNDA:0,defaultInOutRules
FNDA:0,(anonymous_3)
FNDA:0,(anonymous_4)
FNDA:0,rejectIfExists
FNDA:0,(anonymous_6)
FNDA:0,(anonymous_7)
FNDA:0,(anonymous_8)
FNDA:0,createSecurityGroup
FNDA:0,(anonymous_10)
FNDA:0,(anonymous_11)
FNDA:0,create
FNDA:0,(anonymous_13)
FNDA:0,destroy
FNDA:0,(anonymous_15)
DA:3,1
DA:9,1
DA:10,2
DA:15,1
DA:16,0
DA:19,0
DA:20,0
DA:22,0
DA:26,0
DA:28,0
DA:30,0
DA:34,1
DA:35,0
DA:36,0
DA:37,0
DA:39,0
DA:40,0
DA:41,0
DA:43,0
DA:44,0
DA:47,0
DA:48,0
DA:55,1
DA:56,0
DA:65,0
DA:67,0
DA:80,0
DA:85,1
DA:86,0
DA:87,0
DA:90,0
DA:91,0
DA:95,1
DA:96,0
DA:97,0
DA:101,0
DA:102,0
DA:103,0
DA:106,0
DA:112,2
DA:119,1
LF:41
LH:10
BRDA:40,1,0,0
BRDA:40,1,1,0
BRDA:40,2,0,0
BRDA:40,2,1,0
BRDA:43,3,0,0
BRDA:43,3,1,0
BRDA:43,4,0,0
BRDA:43,4,1,0
BRDA:47,5,0,0
BRDA:47,5,1,0
BRDA:47,6,0,0
BRDA:47,6,1,0
BRDA:86,7,0,0
BRDA:86,7,1,0
BRDA:86,8,0,0
BRDA:86,8,1,0
BRDA:96,9,0,0
BRDA:96,9,1,0
BRDA:96,10,0,0
BRDA:96,10,1,0
BRDA:102,11,0,0
BRDA:102,11,1,0
BRF:22
BRH:0
end_of_record
TN:
SF:/Users/michael/Workspaces/rangle/the-clusternator/src/aws/subnetManager.js
FN:8,getSubnetManager
FN:15,getCidrPrefix
FN:16,(anonymous_3)
FN:22,getCidrPostfix
FN:23,(anonymous_5)
FN:25,(anonymous_6)
FN:40,getNextSubnet
FN:44,(anonymous_8)
FN:49,associateRoute
FN:57,findExistingPid
FN:58,(anonymous_11)
FN:59,(anonymous_12)
FN:60,(anonymous_13)
FN:78,findProjectTag
FN:80,(anonymous_15)
FN:81,(anonymous_16)
FN:93,findProjectSubnet
FN:94,(anonymous_18)
FN:103,describeDefault
FN:111,(anonymous_20)
FN:112,(anonymous_21)
FN:118,defaultAssoc
FN:119,(anonymous_23)
FN:123,(anonymous_24)
FN:129,defaultAssocId
FN:130,(anonymous_26)
FN:139,associateAcl
FN:141,(anonymous_28)
FN:149,destroySubnet
FN:153,(anonymous_30)
FN:164,destroy
FN:168,(anonymous_32)
FN:182,createSubnet
FN:185,(anonymous_34)
FN:192,(anonymous_35)
FN:198,create
FN:208,(anonymous_37)
FN:209,(anonymous_38)
FN:219,(anonymous_39)
FN:220,(anonymous_40)
FN:223,(anonymous_41)
FN:224,(anonymous_42)
FNF:42
FNH:1
FNDA:2,getSubnetManager
FNDA:0,getCidrPrefix
FNDA:0,(anonymous_3)
FNDA:0,getCidrPostfix
FNDA:0,(anonymous_5)
FNDA:0,(anonymous_6)
FNDA:0,getNextSubnet
FNDA:0,(anonymous_8)
FNDA:0,associateRoute
FNDA:0,findExistingPid
FNDA:0,(anonymous_11)
FNDA:0,(anonymous_12)
FNDA:0,(anonymous_13)
FNDA:0,findProjectTag
FNDA:0,(anonymous_15)
FNDA:0,(anonymous_16)
FNDA:0,findProjectSubnet
FNDA:0,(anonymous_18)
FNDA:0,describeDefault
FNDA:0,(anonymous_20)
FNDA:0,(anonymous_21)
FNDA:0,defaultAssoc
FNDA:0,(anonymous_23)
FNDA:0,(anonymous_24)
FNDA:0,defaultAssocId
FNDA:0,(anonymous_26)
FNDA:0,associateAcl
FNDA:0,(anonymous_28)
FNDA:0,destroySubnet
FNDA:0,(anonymous_30)
FNDA:0,destroy
FNDA:0,(anonymous_32)
FNDA:0,createSubnet
FNDA:0,(anonymous_34)
FNDA:0,(anonymous_35)
FNDA:0,create
FNDA:0,(anonymous_37)
FNDA:0,(anonymous_38)
FNDA:0,(anonymous_39)
FNDA:0,(anonymous_40)
FNDA:0,(anonymous_41)
FNDA:0,(anonymous_42)
DA:3,1
DA:8,1
DA:9,2
DA:15,1
DA:16,0
DA:17,0
DA:18,0
DA:22,1
DA:23,0
DA:24,0
DA:25,0
DA:26,0
DA:29,0
DA:30,0
DA:31,0
DA:32,0
DA:35,0
DA:36,0
DA:40,1
DA:41,0
DA:45,0
DA:49,1
DA:50,0
DA:51,0
DA:57,1
DA:58,0
DA:59,0
DA:60,0
DA:61,0
DA:62,0
DA:63,0
DA:78,1
DA:79,0
DA:80,0
DA:81,0
DA:82,0
DA:83,0
DA:85,0
DA:86,0
DA:90,0
DA:93,1
DA:94,0
DA:95,0
DA:96,0
DA:97,0
DA:99,0
DA:103,1
DA:107,0
DA:112,0
DA:113,0
DA:118,1
DA:119,0
DA:120,0
DA:121,0
DA:123,0
DA:124,0
DA:129,1
DA:130,0
DA:131,0
DA:132,0
DA:135,0
DA:139,1
DA:140,0
DA:141,0
DA:142,0
DA:149,1
DA:150,0
DA:151,0
DA:153,0
DA:154,0
DA:155,0
DA:158,0
DA:164,1
DA:165,0
DA:166,0
DA:168,0
DA:169,0
DA:170,0
DA:173,0
DA:175,0
DA:182,1
DA:183,0
DA:184,0
DA:185,0
DA:186,0
DA:193,0
DA:198,1
DA:199,0
DA:200,0
DA:202,0
DA:203,0
DA:205,0
DA:206,0
DA:208,0
DA:209,0
DA:210,0
DA:220,0
DA:221,0
DA:224,0
DA:225,0
DA:231,2
DA:242,1
LF:102
LH:20
BRDA:31,1,0,0
BRDA:31,1,1,0
BRDA:61,2,0,0
BRDA:61,2,1,0
BRDA:62,3,0,0
BRDA:62,3,1,0
BRDA:82,4,0,0
BRDA:82,4,1,0
BRDA:85,5,0,0
BRDA:85,5,1,0
BRDA:96,6,0,0
BRDA:96,6,1,0
BRDA:120,7,0,0
BRDA:120,7,1,0
BRDA:131,8,0,0
BRDA:131,8,1,0
BRDA:150,9,0,0
BRDA:150,9,1,0
BRDA:154,10,0,0
BRDA:154,10,1,0
BRDA:165,11,0,0
BRDA:165,11,1,0
BRDA:169,12,0,0
BRDA:169,12,1,0
BRDA:199,13,0,0
BRDA:199,13,1,0
BRDA:202,14,0,0
BRDA:202,14,1,0
BRDA:205,15,0,0
BRDA:205,15,1,0
BRDA:213,16,0,0
BRDA:213,16,1,0
BRF:32
BRH:0
end_of_record
TN:
SF:/Users/michael/Workspaces/rangle/the-clusternator/src/aws/vpcManager.js
FN:6,getVpcManager
FN:18,findProjectTag
FN:20,(anonymous_3)
FN:21,(anonymous_4)
FN:39,findMasterVPC
FN:41,(anonymous_6)
FN:43,(anonymous_7)
FN:55,findProjectVPC
FN:56,(anonymous_9)
FNF:9
FNH:1
FNDA:4,getVpcManager
FNDA:0,findProjectTag
FNDA:0,(anonymous_3)
FNDA:0,(anonymous_4)
FNDA:0,findMasterVPC
FNDA:0,(anonymous_6)
FNDA:0,(anonymous_7)
FNDA:0,findProjectVPC
FNDA:0,(anonymous_9)
DA:3,2
DA:6,1
DA:7,4
DA:18,1
DA:19,0
DA:20,0
DA:21,0
DA:22,0
DA:23,0
DA:25,0
DA:26,0
DA:30,0
DA:39,1
DA:40,0
DA:41,0
DA:42,0
DA:43,0
DA:44,0
DA:45,0
DA:48,0
DA:49,0
DA:52,0
DA:55,1
DA:56,0
DA:57,0
DA:58,0
DA:59,0
DA:61,0
DA:62,0
DA:63,0
DA:65,0
DA:69,4
DA:76,2
LF:33
LH:8
BRDA:22,1,0,0
BRDA:22,1,1,0
BRDA:25,2,0,0
BRDA:25,2,1,0
BRDA:44,3,0,0
BRDA:44,3,1,0
BRDA:48,4,0,0
BRDA:48,4,1,0
BRDA:58,5,0,0
BRDA:58,5,1,0
BRDA:62,6,0,0
BRDA:62,6,1,0
BRF:12
BRH:0
end_of_record
